01/20/2026 08:44:45 AM - DEBUG: Starting new HTTPS connection (1): www.binance.com:443
01/20/2026 08:44:46 AM - DEBUG: https://www.binance.com:443 "GET /bapi/composite/v1/public/promo/cmc/cryptocurrency/listings/latest?limit=1000&start=1 HTTP/1.1" 200 243007
01/20/2026 08:45:02 AM - DEBUG: https://www.binance.com:443 "GET /api/v3/uiKlines?limit=10&symbol=BTCUSDT&interval=1d HTTP/1.1" 200 692
01/20/2026 08:45:10 AM - DEBUG: https://www.binance.com:443 "GET /api/v3/uiKlines?limit=10&symbol=ETHUSDT&interval=1d HTTP/1.1" 200 672
01/20/2026 08:45:11 AM - DEBUG: https://www.binance.com:443 "GET /api/v3/uiKlines?limit=10&symbol=USDTUSDT&interval=1d HTTP/1.1" 400 38
01/20/2026 08:45:16 AM - DEBUG: USDT not found.
01/20/2026 08:45:17 AM - DEBUG: https://www.binance.com:443 "GET /api/v3/uiKlines?limit=10&symbol=BNBUSDT&interval=1d HTTP/1.1" 200 627
01/20/2026 08:45:17 AM - DEBUG: https://www.binance.com:443 "GET /api/v3/uiKlines?limit=10&symbol=XRPUSDT&interval=1d HTTP/1.1" 200 608
01/20/2026 08:45:17 AM - DEBUG: https://www.binance.com:443 "GET /api/v3/uiKlines?limit=10&symbol=USDCUSDT&interval=1d HTTP/1.1" 200 558
01/20/2026 08:45:18 AM - DEBUG: https://www.binance.com:443 "GET /api/v3/uiKlines?limit=10&symbol=SOLUSDT&interval=1d HTTP/1.1" 200 620
01/20/2026 08:45:18 AM - DEBUG: https://www.binance.com:443 "GET /api/v3/uiKlines?limit=10&symbol=TRXUSDT&interval=1d HTTP/1.1" 200 589
01/20/2026 08:45:18 AM - DEBUG: https://www.binance.com:443 "GET /api/v3/uiKlines?limit=10&symbol=DOGEUSDT&interval=1d HTTP/1.1" 200 608
01/20/2026 08:45:19 AM - DEBUG: https://www.binance.com:443 "GET /api/v3/uiKlines?limit=10&symbol=ADAUSDT&interval=1d HTTP/1.1" 200 601
01/20/2026 08:45:19 AM - DEBUG: Tickets to look for: 9 
01/20/2026 08:45:19 AM - DEBUG: -------------------------------------------
01/20/2026 08:45:19 AM - DEBUG: Ticker | Candle | %
01/20/2026 08:45:19 AM - DEBUG: BTC | 0.35% | Bullish
01/20/2026 08:45:19 AM - DEBUG: ETH | -0.53% | Bearish
01/20/2026 08:45:19 AM - DEBUG: BNB | 0.91% | Bullish
01/20/2026 08:45:19 AM - DEBUG: XRP | -6.68% | Bearish
01/20/2026 08:45:19 AM - DEBUG: USDC | -0.04% | Bearish
01/20/2026 08:45:19 AM - DEBUG: SOL | -7.74% | Bearish
01/20/2026 08:45:19 AM - DEBUG: TRX | 1.64% | Bullish
01/20/2026 08:45:19 AM - DEBUG: DOGE | -9.06% | Bearish
01/20/2026 08:45:19 AM - DEBUG: ADA | -8.36% | Bearish
01/20/2026 08:45:19 AM - INFO: Finished in 40.63 seconds
